#
# A fatal error has been detected by the Java Runtime Environment:
#
#  EXCEPTION_ACCESS_VIOLATION (0xc0000005) at pc=0x000000005803c48b, pid=3460, tid=4212
#
# JRE version: 7.0_05-b06
# Java VM: Java HotSpot(TM) 64-Bit Server VM (23.1-b03 mixed mode windows-amd64 compressed oops)
# Problematic frame:
# V  [jvm.dll+0x11c48b]
#
# Failed to write core dump. Minidumps are not enabled by default on client versions of Windows
#
# If you would like to submit a bug report, please visit:
#   http://bugreport.sun.com/bugreport/crash.jsp
#

---------------  T H R E A D  ---------------

Current thread (0x000000000729d800):  JavaThread "JDWP Transport Listener: dt_socket" daemon [_thread_in_vm, id=4212, stack(0x0000000009230000,0x0000000009330000)]

siginfo: ExceptionCode=0xc0000005, reading address 0x00000000003b3e3b

Registers:
RAX=0x000000000932f201, RBX=0x000000000729d800, RCX=0x00000000003b3e3b, RDX=0x000000000729d800
RSP=0x000000000932f290, RBP=0x00000000003b3e3b, RSI=0x000000000932f3a8, RDI=0x00000000021397e0
R8 =0x000000000932f3a8, R9 =0x0000000000320026, R10=0x000000006565736d, R11=0x000000000c634b9b
R12=0x0000000000000000, R13=0x0000000000000000, R14=0x0000000000000000, R15=0x0000000000000000
RIP=0x000000005803c48b, EFLAGS=0x0000000000010202

Top of Stack: (sp=0x000000000932f290)
0x000000000932f290:   000000000729d800 000000000ef95be0
0x000000000932f2a0:   000000000932f358 00000000581c2539
0x000000000932f2b0:   000000000729d800 00000000581ddf02
0x000000000932f2c0:   00000000000000a9 000000000729d800
0x000000000932f2d0:   00000000072b38e8 0000000071d8264e
0x000000000932f2e0:   000000000729d800 0000000000000000
0x000000000932f2f0:   0000000000000000 0000000000000000
0x000000000932f300:   00000000003b3e3b 0000000071d81745
0x000000000932f310:   000000000932f3a8 000000000932f380
0x000000000932f320:   0000000000000001 00000000072b38e8
0x000000000932f330:   00000000003b3e3b 0000000071d653b3
0x000000000932f340:   000000000932f470 0000000000000001
0x000000000932f350:   0000000000000001 00000000072b38e8
0x000000000932f360:   0000000000000001 0000000000000000
0x000000000932f370:   0000000000000000 0000000000000000
0x000000000932f380:   0000000000000001 0000000071d65571 

Instructions: (pc=0x000000005803c48b)
0x000000005803c46b:   48 8b 5c 24 30 48 89 47 18 48 83 c4 20 5f c3 cc
0x000000005803c47b:   cc cc cc cc cc 40 53 48 83 ec 20 48 85 c9 74 54
0x000000005803c48b:   48 8b 19 48 85 db 74 4c 48 b8 fe fe fe fe fe fe
0x000000005803c49b:   fe fe 48 3b d8 74 3d 80 3d ff c7 58 00 00 74 15 


Register to memory mapping:

RAX=0x000000000932f201 is pointing into the stack for thread: 0x000000000729d800
RBX=0x000000000729d800 is a thread
RCX=0x00000000003b3e3b is an unknown value
RDX=0x000000000729d800 is a thread
RSP=0x000000000932f290 is pointing into the stack for thread: 0x000000000729d800
RBP=0x00000000003b3e3b is an unknown value
RSI=0x000000000932f3a8 is pointing into the stack for thread: 0x000000000729d800
RDI=0x00000000021397e0 is an unknown value
R8 =0x000000000932f3a8 is pointing into the stack for thread: 0x000000000729d800
R9 =0x0000000000320026 is an unknown value
R10=0x000000006565736d is an unknown value
R11=0x000000000c634b9b is an unknown value
R12=0x0000000000000000 is an unknown value
R13=0x0000000000000000 is an unknown value
R14=0x0000000000000000 is an unknown value
R15=0x0000000000000000 is an unknown value


Stack: [0x0000000009230000,0x0000000009330000],  sp=0x000000000932f290,  free space=1020k
Native frames: (J=compiled Java code, j=interpreted, Vv=VM code, C=native code)
V  [jvm.dll+0x11c48b]


---------------  P R O C E S S  ---------------

Java Threads: ( => current thread )
  0x000000000b35e000 JavaThread "Timer-2" daemon [_thread_blocked, id=2540, stack(0x000000000e010000,0x000000000e110000)]
  0x000000000b35c800 JavaThread "[ThreadPool Manager] - Idle Thread" daemon [_thread_blocked, id=1892, stack(0x000000000f460000,0x000000000f560000)]
  0x000000000c548800 JavaThread "Worker-3" [_thread_blocked, id=2272, stack(0x0000000010e20000,0x0000000010f20000)]
  0x000000000d244000 JavaThread "Java indexing" daemon [_thread_blocked, id=5164, stack(0x0000000010a30000,0x0000000010b30000)]
  0x0000000009fbe000 JavaThread "Worker-0" [_thread_blocked, id=5452, stack(0x000000000d9a0000,0x000000000daa0000)]
  0x000000000a998000 JavaThread "Worker-JM" [_thread_blocked, id=2156, stack(0x000000000c180000,0x000000000c280000)]
  0x000000000b07d000 JavaThread "Bundle File Closer" daemon [_thread_blocked, id=6804, stack(0x000000000c010000,0x000000000c110000)]
  0x000000000b505000 JavaThread "[Timer] - Main Queue Handler" daemon [_thread_blocked, id=6748, stack(0x000000000bd80000,0x000000000be80000)]
  0x000000000b302800 JavaThread "Framework Event Dispatcher" daemon [_thread_blocked, id=6396, stack(0x000000000bb80000,0x000000000bc80000)]
  0x000000000a95a800 JavaThread "Start Level Event Dispatcher" daemon [_thread_blocked, id=1568, stack(0x000000000ba70000,0x000000000bb70000)]
  0x0000000009dda800 JavaThread "State Data Manager" daemon [_thread_blocked, id=3360, stack(0x000000000a7d0000,0x000000000a8d0000)]
  0x0000000009f09800 JavaThread "Framework Active Thread" [_thread_blocked, id=2032, stack(0x000000000a640000,0x000000000a740000)]
  0x00000000072c3800 JavaThread "Service Thread" daemon [_thread_blocked, id=6992, stack(0x00000000097c0000,0x00000000098c0000)]
  0x00000000072c3000 JavaThread "C2 CompilerThread1" daemon [_thread_blocked, id=5776, stack(0x00000000098f0000,0x00000000099f0000)]
  0x00000000072bf800 JavaThread "C2 CompilerThread0" daemon [_thread_blocked, id=5812, stack(0x00000000096c0000,0x00000000097c0000)]
  0x00000000072b2800 JavaThread "JDWP Command Reader" daemon [_thread_in_native, id=5992, stack(0x0000000009500000,0x0000000009600000)]
  0x00000000072b2000 JavaThread "JDWP Event Helper Thread" daemon [_thread_blocked, id=6368, stack(0x0000000009360000,0x0000000009460000)]
=>0x000000000729d800 JavaThread "JDWP Transport Listener: dt_socket" daemon [_thread_in_vm, id=4212, stack(0x0000000009230000,0x0000000009330000)]
  0x0000000007296000 JavaThread "Attach Listener" daemon [_thread_blocked, id=5904, stack(0x0000000008630000,0x0000000008730000)]
  0x0000000007291000 JavaThread "Signal Dispatcher" daemon [_thread_blocked, id=7064, stack(0x0000000008480000,0x0000000008580000)]
  0x0000000002128800 JavaThread "Finalizer" daemon [_thread_blocked, id=5344, stack(0x00000000082e0000,0x00000000083e0000)]
  0x0000000002121800 JavaThread "Reference Handler" daemon [_thread_blocked, id=2720, stack(0x00000000081e0000,0x00000000082e0000)]
  0x000000000213e000 JavaThread "main" [_thread_blocked, id=6916, stack(0x0000000002290000,0x0000000002390000)]

Other Threads:
  0x0000000007213000 VMThread [stack: 0x0000000008020000,0x0000000008120000] [id=1156]
  0x00000000072da000 WatcherThread [stack: 0x0000000009000000,0x0000000009100000] [id=6408]

VM state:not at safepoint (normal execution)

VM Mutex/Monitor currently owned by a thread: None

Heap
 PSYoungGen      total 91392K, used 82329K [0x00000000f8000000, 0x0000000000000000, 0x0000000000000000)
  eden space 81536K, 88% used [0x00000000f8000000,0x00000000fc6c6880,0x00000000fcfa0000)
  from space 9856K, 99% used [0x00000000ff660000,0x00000000fffffe00,0x0000000000000000)
  to   space 24768K, 0% used [0x00000000fcfa0000,0x00000000fcfa0000,0x00000000fe7d0000)
 ParOldGen       total 74112K, used 56702K [0x00000000e8000000, 0x00000000ec860000, 0x00000000f8000000)
  object space 74112K, 76% used [0x00000000e8000000,0x00000000eb75fa50,0x00000000ec860000)
 PSPermGen       total 83968K, used 67775K [0x00000000e2e00000, 0x00000000e8000000, 0x00000000e8000000)
  object space 83968K, 80% used [0x00000000e2e00000,0x00000000e702fcd0,0x00000000e8000000)

Code Cache  [0x0000000002390000, 0x0000000002800000, 0x0000000005390000)
 total_blobs=1777 nmethods=1051 adapters=682 free_code_cache=44756Kb largest_free_block=45709760

Compilation events (10 events):
Event: 395.816 Thread 0x00000000072c3000 1172             org.eclipse.emf.ecore.xmi.impl.XMLHelperImpl$NamespaceSupport::pushContext (65 bytes)
Event: 395.818 Thread 0x00000000072c3000 nmethod 1172 0x00000000025dc290 code [0x00000000025dc3e0, 0x00000000025dc6d8]
Event: 396.607 Thread 0x00000000072bf800 1173             org.eclipse.graphiti.mm.algorithms.impl.PolylineImpl::eIsSet (49 bytes)
Event: 396.610 Thread 0x00000000072bf800 nmethod 1173 0x00000000027c0090 code [0x00000000027c0200, 0x00000000027c0568]
Event: 397.658 Thread 0x00000000072c3000 1174             org.eclipse.graphiti.mm.pictograms.impl.AnchorContainerImpl::eGet (33 bytes)
Event: 397.660 Thread 0x00000000072c3000 nmethod 1174 0x000000000279c590 code [0x000000000279c720, 0x000000000279c990]
Event: 399.118 Thread 0x00000000072c3000 1175             org.eclipse.graphiti.mm.pictograms.impl.ContainerShapeImpl::eIsSet (49 bytes)
Event: 399.120 Thread 0x00000000072c3000 nmethod 1175 0x000000000279c010 code [0x000000000279c180, 0x000000000279c398]
Event: 452.507 Thread 0x00000000072bf800 1176             org.eclipse.core.internal.preferences.ImmutableMap$ArrayMap::shareStrings (87 bytes)
Event: 452.527 Thread 0x00000000072bf800 nmethod 1176 0x00000000027c2450 code [0x00000000027c25e0, 0x00000000027c2b18]

GC Heap History (10 events):
Event: 3.981 GC heap before
{Heap before GC invocations=9 (full 0):
 PSYoungGen      total 89408K, used 86956K [0x00000000f8000000, 0x00000000fde80000, 0x0000000000000000)
  eden space 82048K, 100% used [0x00000000f8000000,0x00000000fd020000,0x00000000fd020000)
  from space 7360K, 66% used [0x00000000fd750000,0x00000000fdc1b258,0x00000000fde80000)
  to   space 7360K, 0% used [0x00000000fd020000,0x00000000fd020000,0x00000000fd750000)
 ParOldGen       total 27328K, used 12539K [0x00000000e8000000, 0x00000000e9ab0000, 0x00000000f8000000)
  object space 27328K, 45% used [0x00000000e8000000,0x00000000e8c3ee00,0x00000000e9ab0000)
 PSPermGen       total 21824K, used 21639K [0x00000000e2e00000, 0x00000000e4350000, 0x00000000e8000000)
  object space 21824K, 99% used [0x00000000e2e00000,0x00000000e4321c70,0x00000000e4350000)
Event: 3.988 GC heap after
Heap after GC invocations=9 (full 0):
 PSYoungGen      total 89408K, used 3494K [0x00000000f8000000, 0x00000000fff80000, 0x0000000000000000)
  eden space 82048K, 0% used [0x00000000f8000000,0x00000000f8000000,0x00000000fd020000)
  from space 7360K, 47% used [0x00000000fd020000,0x00000000fd3898a8,0x00000000fd750000)
  to   space 7104K, 0% used [0x00000000ff890000,0x00000000ff890000,0x00000000fff80000)
 ParOldGen       total 27328K, used 13112K [0x00000000e8000000, 0x00000000e9ab0000, 0x00000000f8000000)
  object space 27328K, 47% used [0x00000000e8000000,0x00000000e8cce000,0x00000000e9ab0000)
 PSPermGen       total 21824K, used 21639K [0x00000000e2e00000, 0x00000000e4350000, 0x00000000e8000000)
  object space 21824K, 99% used [0x00000000e2e00000,0x00000000e4321c70,0x00000000e4350000)
}
Event: 5.109 GC heap before
{Heap before GC invocations=10 (full 0):
 PSYoungGen      total 89408K, used 85542K [0x00000000f8000000, 0x00000000fff80000, 0x0000000000000000)
  eden space 82048K, 100% used [0x00000000f8000000,0x00000000fd020000,0x00000000fd020000)
  from space 7360K, 47% used [0x00000000fd020000,0x00000000fd3898a8,0x00000000fd750000)
  to   space 7104K, 0% used [0x00000000ff890000,0x00000000ff890000,0x00000000fff80000)
 ParOldGen       total 27328K, used 13112K [0x00000000e8000000, 0x00000000e9ab0000, 0x00000000f8000000)
  object space 27328K, 47% used [0x00000000e8000000,0x00000000e8cce000,0x00000000e9ab0000)
 PSPermGen       total 24512K, used 24397K [0x00000000e2e00000, 0x00000000e45f0000, 0x00000000e8000000)
  object space 24512K, 99% used [0x00000000e2e00000,0x00000000e45d37e8,0x00000000e45f0000)
Event: 5.127 GC heap after
Heap after GC invocations=10 (full 0):
 PSYoungGen      total 118464K, used 7088K [0x00000000f8000000, 0x0000000000000000, 0x0000000000000000)
  eden space 111360K, 0% used [0x00000000f8000000,0x00000000f8000000,0x00000000fecc0000)
  from space 7104K, 99% used [0x00000000ff890000,0x00000000fff7c020,0x00000000fff80000)
  to   space 9856K, 0% used [0x00000000fecc0000,0x00000000fecc0000,0x00000000ff660000)
 ParOldGen       total 27328K, used 18383K [0x00000000e8000000, 0x00000000e9ab0000, 0x00000000f8000000)
  object space 27328K, 67% used [0x00000000e8000000,0x00000000e91f3e28,0x00000000e9ab0000)
 PSPermGen       total 24512K, used 24397K [0x00000000e2e00000, 0x00000000e45f0000, 0x00000000e8000000)
  object space 24512K, 99% used [0x00000000e2e00000,0x00000000e45d37e8,0x00000000e45f0000)
}
Event: 8.550 GC heap before
{Heap before GC invocations=11 (full 0):
 PSYoungGen      total 118464K, used 118448K [0x00000000f8000000, 0x0000000000000000, 0x0000000000000000)
  eden space 111360K, 100% used [0x00000000f8000000,0x00000000fecc0000,0x00000000fecc0000)
  from space 7104K, 99% used [0x00000000ff890000,0x00000000fff7c020,0x00000000fff80000)
  to   space 9856K, 0% used [0x00000000fecc0000,0x00000000fecc0000,0x00000000ff660000)
 ParOldGen       total 27328K, used 18383K [0x00000000e8000000, 0x00000000e9ab0000, 0x00000000f8000000)
  object space 27328K, 67% used [0x00000000e8000000,0x00000000e91f3e28,0x00000000e9ab0000)
 PSPermGen       total 46912K, used 46745K [0x00000000e2e00000, 0x00000000e5bd0000, 0x00000000e8000000)
  object space 46912K, 99% used [0x00000000e2e00000,0x00000000e5ba6660,0x00000000e5bd0000)
Event: 8.587 GC heap after
Heap after GC invocations=11 (full 0):
 PSYoungGen      total 121216K, used 9831K [0x00000000f8000000, 0x0000000000000000, 0x0000000000000000)
  eden space 111360K, 0% used [0x00000000f8000000,0x00000000f8000000,0x00000000fecc0000)
  from space 9856K, 99% used [0x00000000fecc0000,0x00000000ff659e98,0x00000000ff660000)
  to   space 9856K, 0% used [0x00000000ff660000,0x00000000ff660000,0x0000000000000000)
 ParOldGen       total 44608K, used 44420K [0x00000000e8000000, 0x00000000eab90000, 0x00000000f8000000)
  object space 44608K, 99% used [0x00000000e8000000,0x00000000eab612f0,0x00000000eab90000)
 PSPermGen       total 46912K, used 46745K [0x00000000e2e00000, 0x00000000e5bd0000, 0x00000000e8000000)
  object space 46912K, 99% used [0x00000000e2e00000,0x00000000e5ba6660,0x00000000e5bd0000)
}
Event: 8.587 GC heap before
{Heap before GC invocations=12 (full 1):
 PSYoungGen      total 121216K, used 9831K [0x00000000f8000000, 0x0000000000000000, 0x0000000000000000)
  eden space 111360K, 0% used [0x00000000f8000000,0x00000000f8000000,0x00000000fecc0000)
  from space 9856K, 99% used [0x00000000fecc0000,0x00000000ff659e98,0x00000000ff660000)
  to   space 9856K, 0% used [0x00000000ff660000,0x00000000ff660000,0x0000000000000000)
 ParOldGen       total 44608K, used 44420K [0x00000000e8000000, 0x00000000eab90000, 0x00000000f8000000)
  object space 44608K, 99% used [0x00000000e8000000,0x00000000eab612f0,0x00000000eab90000)
 PSPermGen       total 46912K, used 46745K [0x00000000e2e00000, 0x00000000e5bd0000, 0x00000000e8000000)
  object space 46912K, 99% used [0x00000000e2e00000,0x00000000e5ba6660,0x00000000e5bd0000)
Event: 8.882 GC heap after
Heap after GC invocations=12 (full 1):
 PSYoungGen      total 121216K, used 3401K [0x00000000f8000000, 0x0000000000000000, 0x0000000000000000)
  eden space 111360K, 0% used [0x00000000f8000000,0x00000000f8000000,0x00000000fecc0000)
  from space 9856K, 34% used [0x00000000fecc0000,0x00000000ff012400,0x00000000ff660000)
  to   space 9856K, 0% used [0x00000000ff660000,0x00000000ff660000,0x0000000000000000)
 ParOldGen       total 74112K, used 44603K [0x00000000e8000000, 0x00000000ec860000, 0x00000000f8000000)
  object space 74112K, 60% used [0x00000000e8000000,0x00000000eab8ef08,0x00000000ec860000)
 PSPermGen       total 83968K, used 46716K [0x00000000e2e00000, 0x00000000e8000000, 0x00000000e8000000)
  object space 83968K, 55% used [0x00000000e2e00000,0x00000000e5b9f090,0x00000000e8000000)
}
Event: 158.774 GC heap before
{Heap before GC invocations=13 (full 1):
 PSYoungGen      total 121216K, used 114761K [0x00000000f8000000, 0x0000000000000000, 0x0000000000000000)
  eden space 111360K, 100% used [0x00000000f8000000,0x00000000fecc0000,0x00000000fecc0000)
  from space 9856K, 34% used [0x00000000fecc0000,0x00000000ff012400,0x00000000ff660000)
  to   space 9856K, 0% used [0x00000000ff660000,0x00000000ff660000,0x0000000000000000)
 ParOldGen       total 74112K, used 44603K [0x00000000e8000000, 0x00000000ec860000, 0x00000000f8000000)
  object space 74112K, 60% used [0x00000000e8000000,0x00000000eab8ef08,0x00000000ec860000)
 PSPermGen       total 83968K, used 61876K [0x00000000e2e00000, 0x00000000e8000000, 0x00000000e8000000)
  object space 83968K, 73% used [0x00000000e2e00000,0x00000000e6a6d080,0x00000000e8000000)
Event: 158.817 GC heap after
Heap after GC invocations=13 (full 1):
 PSYoungGen      total 91392K, used 9855K [0x00000000f8000000, 0x0000000000000000, 0x0000000000000000)
  eden space 81536K, 0% used [0x00000000f8000000,0x00000000f8000000,0x00000000fcfa0000)
  from space 9856K, 99% used [0x00000000ff660000,0x00000000fffffe00,0x0000000000000000)
  to   space 24768K, 0% used [0x00000000fcfa0000,0x00000000fcfa0000,0x00000000fe7d0000)
 ParOldGen       total 74112K, used 56702K [0x00000000e8000000, 0x00000000ec860000, 0x00000000f8000000)
  object space 74112K, 76% used [0x00000000e8000000,0x00000000eb75fa50,0x00000000ec860000)
 PSPermGen       total 83968K, used 61876K [0x00000000e2e00000, 0x00000000e8000000, 0x00000000e8000000)
  object space 83968K, 73% used [0x00000000e2e00000,0x00000000e6a6d080,0x00000000e8000000)
}

Deoptimization events (10 events):
Event: 160.260 Thread 0x000000000213e000 Uncommon trap -89 fr.pc 0x00000000025eb26c
Event: 160.260 Thread 0x000000000213e000 Uncommon trap -89 fr.pc 0x00000000025eb26c
Event: 160.377 Thread 0x000000000213e000 Uncommon trap -12 fr.pc 0x000000000273ef8c
Event: 163.667 Thread 0x000000000213e000 Uncommon trap -34 fr.pc 0x000000000277fda4
Event: 236.923 Thread 0x000000000213e000 Uncommon trap -58 fr.pc 0x000000000276e134
Event: 236.924 Thread 0x000000000213e000 Uncommon trap -58 fr.pc 0x000000000276e134
Event: 303.766 Thread 0x000000000213e000 Uncommon trap -58 fr.pc 0x000000000276e134
Event: 303.766 Thread 0x000000000213e000 Uncommon trap -58 fr.pc 0x000000000276e134
Event: 452.544 Thread 0x0000000009fbe000 Uncommon trap -89 fr.pc 0x00000000025eb26c
Event: 452.544 Thread 0x0000000009fbe000 Uncommon trap -89 fr.pc 0x00000000025eb26c

Internal exceptions (10 events):
Event: 147.801 Thread 0x000000000213e000 Implicit null exception at 0x000000000273ec27 to 0x000000000273ee96
Event: 152.509 Thread 0x000000000b35d000 Threw 0x00000000fd892118 at C:\jdk7u1_64p\jdk7u5\hotspot\src\share\vm\prims\jni.cpp:715
Event: 157.179 Thread 0x000000000213e000 Threw 0x00000000fe607eb0 at C:\jdk7u1_64p\jdk7u5\hotspot\src\share\vm\prims\jni.cpp:715
Event: 157.179 Thread 0x000000000213e000 Threw 0x00000000fe609750 at C:\jdk7u1_64p\jdk7u5\hotspot\src\share\vm\prims\jni.cpp:715
Event: 157.207 Thread 0x000000000213e000 Threw 0x00000000fe6b07c0 at C:\jdk7u1_64p\jdk7u5\hotspot\src\share\vm\prims\jni.cpp:715
Event: 157.280 Thread 0x000000000213e000 Threw 0x00000000fe8b3f00 at C:\jdk7u1_64p\jdk7u5\hotspot\src\share\vm\interpreter\linkResolver.cpp:891
Event: 157.283 Thread 0x000000000213e000 Threw 0x00000000fe8e5450 at C:\jdk7u1_64p\jdk7u5\hotspot\src\share\vm\interpreter\linkResolver.cpp:891
Event: 158.922 Thread 0x000000000213e000 Implicit null exception at 0x000000000266d2d0 to 0x000000000266e101
Event: 159.925 Thread 0x000000000b35d000 Threw 0x00000000f8586ac0 at C:\jdk7u1_64p\jdk7u5\hotspot\src\share\vm\prims\jni.cpp:715
Event: 160.377 Thread 0x000000000213e000 Implicit null exception at 0x000000000273ec23 to 0x000000000273ef81

Events (10 events):
Event: 452.547 loading class 0x000000000a1002a0
Event: 452.549 loading class 0x000000000a100ee0
Event: 452.549 loading class 0x000000000a100ee0 done
Event: 452.549 loading class 0x000000000a1002a0 done
Event: 452.550 loading class 0x000000000a100fa0
Event: 452.550 loading class 0x000000000a100fa0 done
Event: 452.550 loading class 0x000000000a100520
Event: 452.550 loading class 0x000000000a100520 done
Event: 528.207 Executing VM operation: RedefineClasses
Event: 528.225 Executing VM operation: RedefineClasses done


Dynamic libraries:
0x000000003ffa0000 - 0x000000003ffd4000 	C:\Program Files (x86)\Java\jdk1.7.0_05\jre\bin\javaw.exe
0x0000000076f70000 - 0x0000000077119000 	C:\Windows\SYSTEM32\ntdll.dll
0x0000000076890000 - 0x00000000769af000 	C:\Windows\system32\kernel32.dll
0x00000000fd5f0000 - 0x00000000fd65b000 	C:\Windows\system32\KERNELBASE.dll
0x00000000feb90000 - 0x00000000fec6b000 	C:\Windows\system32\ADVAPI32.dll
0x00000000fdbd0000 - 0x00000000fdc6f000 	C:\Windows\system32\msvcrt.dll
0x00000000fdae0000 - 0x00000000fdaff000 	C:\Windows\SYSTEM32\sechost.dll
0x00000000feff0000 - 0x00000000ff11d000 	C:\Windows\system32\RPCRT4.dll
0x0000000076e70000 - 0x0000000076f6a000 	C:\Windows\system32\USER32.dll
0x00000000fd9b0000 - 0x00000000fda17000 	C:\Windows\system32\GDI32.dll
0x00000000fedd0000 - 0x00000000fedde000 	C:\Windows\system32\LPK.dll
0x00000000fdb00000 - 0x00000000fdbc9000 	C:\Windows\system32\USP10.dll
0x00000000fc610000 - 0x00000000fc804000 	C:\Windows\WinSxS\amd64_microsoft.windows.common-controls_6595b64144ccf1df_6.0.7601.17514_none_fa396087175ac9ac\COMCTL32.dll
0x00000000feb10000 - 0x00000000feb81000 	C:\Windows\system32\SHLWAPI.dll
0x00000000fefc0000 - 0x00000000fefee000 	C:\Windows\system32\IMM32.DLL
0x00000000ff120000 - 0x00000000ff229000 	C:\Windows\system32\MSCTF.dll
0x0000000071de0000 - 0x0000000071eb1000 	C:\Program Files (x86)\Java\jdk1.7.0_05\jre\bin\msvcr100.dll
0x0000000057f20000 - 0x000000005863a000 	C:\Program Files (x86)\Java\jdk1.7.0_05\jre\bin\server\jvm.dll
0x00000000fa360000 - 0x00000000fa369000 	C:\Windows\system32\WSOCK32.dll
0x00000000ff230000 - 0x00000000ff27d000 	C:\Windows\system32\WS2_32.dll
0x00000000feb00000 - 0x00000000feb08000 	C:\Windows\system32\NSI.dll
0x00000000fb5a0000 - 0x00000000fb5db000 	C:\Windows\system32\WINMM.dll
0x0000000077130000 - 0x0000000077137000 	C:\Windows\system32\PSAPI.DLL
0x0000000071dd0000 - 0x0000000071ddf000 	C:\Program Files (x86)\Java\jdk1.7.0_05\jre\bin\verify.dll
0x0000000071da0000 - 0x0000000071dc8000 	C:\Program Files (x86)\Java\jdk1.7.0_05\jre\bin\java.dll
0x0000000071d60000 - 0x0000000071d95000 	C:\Program Files (x86)\Java\jdk1.7.0_05\jre\bin\jdwp.dll
0x0000000071d50000 - 0x0000000071d58000 	C:\Program Files (x86)\Java\jdk1.7.0_05\jre\bin\npt.dll
0x0000000071d30000 - 0x0000000071d45000 	C:\Program Files (x86)\Java\jdk1.7.0_05\jre\bin\zip.dll
0x0000000071d20000 - 0x0000000071d29000 	C:\Program Files (x86)\Java\jdk1.7.0_05\jre\bin\dt_socket.dll
0x00000000fb860000 - 0x00000000fb875000 	C:\Windows\system32\NLAapi.dll
0x00000000f9eb0000 - 0x00000000f9ec5000 	C:\Windows\system32\napinsp.dll
0x00000000f9ed0000 - 0x00000000f9ee9000 	C:\Windows\system32\pnrpnsp.dll
0x00000000fcc40000 - 0x00000000fcc95000 	C:\Windows\System32\mswsock.dll
0x00000000fcac0000 - 0x00000000fcb1b000 	C:\Windows\system32\DNSAPI.dll
0x00000000f9ea0000 - 0x00000000f9eab000 	C:\Windows\System32\winrnr.dll
0x00000000f9e90000 - 0x00000000f9ea0000 	C:\Windows\system32\wshbth.dll
0x0000000074710000 - 0x0000000074736000 	C:\Program Files\Bonjour\mdnsNSP.dll
0x00000000fafc0000 - 0x00000000fafe7000 	C:\Windows\system32\Iphlpapi.DLL
0x00000000fafb0000 - 0x00000000fafbb000 	C:\Windows\system32\WINNSI.DLL
0x00000000fada0000 - 0x00000000fadf3000 	C:\Windows\System32\fwpuclnt.dll
0x00000000f9ef0000 - 0x00000000f9ef8000 	C:\Windows\system32\rasadhlp.dll
0x00000000fc0c0000 - 0x00000000fc0c7000 	C:\Windows\System32\wshtcpip.dll
0x00000000fcca0000 - 0x00000000fccb7000 	C:\Windows\system32\CRYPTSP.dll
0x00000000fc9a0000 - 0x00000000fc9e7000 	C:\Windows\system32\rsaenh.dll
0x00000000fc1e0000 - 0x00000000fc1fe000 	C:\Windows\system32\USERENV.dll
0x00000000fd3d0000 - 0x00000000fd3df000 	C:\Windows\system32\profapi.dll
0x00000000fd300000 - 0x00000000fd30f000 	C:\Windows\system32\CRYPTBASE.dll
0x0000000071d00000 - 0x0000000071d19000 	C:\Program Files (x86)\Java\jdk1.7.0_05\jre\bin\net.dll
0x00000000fcc30000 - 0x00000000fcc37000 	C:\Windows\System32\wship6.dll
0x0000000071cc0000 - 0x0000000071cd1000 	C:\Program Files (x86)\Java\jdk1.7.0_05\jre\bin\nio.dll
0x0000000010000000 - 0x00000000100a8000 	D:\workspaces\workspace_msee\.metadata\.plugins\org.eclipse.pde.core\org.msee.slmtoolbox.modeling.app.product (2)\org.eclipse.osgi\bundles\482\1\.cp\swt-win32-4236.dll
0x00000000fd7a0000 - 0x00000000fd9a3000 	C:\Windows\system32\ole32.dll
0x00000000fecf0000 - 0x00000000fedc7000 	C:\Windows\system32\OLEAUT32.dll
0x00000000fda20000 - 0x00000000fdab7000 	C:\Windows\system32\comdlg32.dll
0x00000000fdc70000 - 0x00000000fe9f8000 	C:\Windows\system32\SHELL32.dll
0x00000000fb160000 - 0x00000000fb1d1000 	C:\Windows\system32\WINSPOOL.DRV
0x00000000769b0000 - 0x0000000076b0b000 	C:\Windows\system32\WININET.dll
0x0000000077140000 - 0x0000000077143000 	C:\Windows\system32\Normaliz.dll
0x0000000076c60000 - 0x0000000076e70000 	C:\Windows\system32\iertutil.dll
0x0000000076b10000 - 0x0000000076c5d000 	C:\Windows\system32\urlmon.dll
0x00000000fd480000 - 0x00000000fd5ec000 	C:\Windows\system32\CRYPT32.dll
0x00000000fd470000 - 0x00000000fd47f000 	C:\Windows\system32\MSASN1.dll
0x00000000f4ae0000 - 0x00000000f4b36000 	C:\Windows\system32\uxtheme.dll
0x00000000fb1f0000 - 0x00000000fb208000 	C:\Windows\system32\dwmapi.dll
0x0000000005b40000 - 0x0000000005ba5000 	C:\Program Files\ThinkPad\Bluetooth Software\btmmhook.dll
0x00000000fbc00000 - 0x00000000fbd2c000 	C:\Windows\system32\propsys.dll
0x00000000fea00000 - 0x00000000fea99000 	C:\Windows\system32\CLBCatQ.DLL
0x00000000059f0000 - 0x0000000005a0e000 	D:\workspaces\workspace_msee\.metadata\.plugins\org.eclipse.pde.core\org.msee.slmtoolbox.modeling.app.product (2)\org.eclipse.osgi\bundles\482\1\.cp\swt-gdip-win32-4236.dll
0x00000000fc3f0000 - 0x00000000fc606000 	C:\Windows\WinSxS\amd64_microsoft.windows.gdiplus_6595b64144ccf1df_1.1.7601.18120_none_2b25b14c71ebf230\gdiplus.dll
0x00000000f4e30000 - 0x00000000f4f91000 	C:\Windows\system32\WindowsCodecs.dll
0x0000000080000000 - 0x0000000080011000 	D:\workspaces\workspace_msee\.metadata\.plugins\org.eclipse.pde.core\org.msee.slmtoolbox.modeling.app.product (2)\org.eclipse.osgi\bundles\59\1\.cp\os\win32\x86_64\localfile_1_0_0.dll
0x00000000fa740000 - 0x00000000fa794000 	C:\Windows\system32\oleacc.dll
0x00000000fd3b0000 - 0x00000000fd3c4000 	C:\Windows\system32\RpcRtRemote.dll
0x00000000f3cb0000 - 0x00000000f3cc1000 	D:\workspaces\workspace_msee\.metadata\.plugins\org.eclipse.pde.core\org.msee.slmtoolbox.modeling.app.product (2)\org.eclipse.osgi\bundles\62\1\.cp\jWinHttp-1.0.0.dll
0x00000000f8d70000 - 0x00000000f8de1000 	C:\Windows\system32\WINHTTP.dll
0x00000000f8d00000 - 0x00000000f8d64000 	C:\Windows\system32\webio.dll
0x00000000fad70000 - 0x00000000fad81000 	C:\Windows\system32\dhcpcsvc6.DLL
0x00000000fad50000 - 0x00000000fad68000 	C:\Windows\system32\dhcpcsvc.DLL
0x00000000fb1e0000 - 0x00000000fb1e7000 	C:\Windows\system32\msimg32.dll
0x00000000f46d0000 - 0x00000000f470b000 	C:\Windows\system32\mlang.dll
0x0000000063fc0000 - 0x0000000064154000 	C:\Program Files (x86)\Java\jdk1.7.0_05\jre\bin\awt.dll
0x000000000a790000 - 0x000000000a7c8000 	C:\Program Files\ThinkPad\Bluetooth Software\btkeyind.dll
0x00000000f5b90000 - 0x00000000f5cb5000 	C:\Windows\system32\dbghelp.dll

VM Arguments:
jvm_args: -agentlib:jdwp=transport=dt_socket,suspend=y,address=localhost:50998 -Dosgi.requiredJavaVersion=1.5 -Dhelp.lucene.tokenizer=standard -Xms40m -Xmx384m -DConfigfile=configuration/slmtoolbox_modeling_environement.properties -Declipse.pde.launch=true -Dfile.encoding=Cp1252 
java_command: org.eclipse.equinox.launcher.Main -launcher D:\eclipse\eclipse-msee-slmtoolbox-v1.5\eclipse.exe -name Eclipse -showsplash 600 -product org.msee.slmtoolbox.modeling.app.product -data D:\workspaces\workspace_msee/../runtime-org.msee.slmtoolbox.modeling.app.product -configuration file:D:/workspaces/workspace_msee/.metadata/.plugins/org.eclipse.pde.core/org.msee.slmtoolbox.modeling.app.product (2)/ -dev file:D:/workspaces/workspace_msee/.metadata/.plugins/org.eclipse.pde.core/org.msee.slmtoolbox.modeling.app.product (2)/dev.properties -os win32 -ws win32 -arch x86_64 -nl fr_FR -consoleLog
Launcher Type: SUN_STANDARD

Environment Variables:
JAVA_HOME=C:\Program Files (x86)\Java\jdk1.7.0_25
PATH=C:\Program Files (x86)\Java\jdk1.7.0_05\jre\bin;C:/Program Files (x86)/Java/jre7/bin/client;C:/Program Files (x86)/Java/jre7/bin;C:/Program Files (x86)/Java/jre7/lib/i386;C:\Windows\system32;C:\Windows;C:\Windows\System32\Wbem;C:\Windows\System32\WindowsPowerShell\v1.0\;D:\apache-maven-3.0.5\bin;C:\Program Files\ThinkPad\Bluetooth Software\;C:\Program Files\ThinkPad\Bluetooth Software\syswow64;C:\Program Files\Intel\WiFi\bin\;C:\Program Files\Common Files\Intel\WirelessCommon\;C:\Program Files (x86)\IBM\Personal Communications\;C:\Program Files (x86)\IBM\Trace Facility\;C:\Program Files\Internet Explorer;C:\Program Files\TortoiseSVN\bin;C:\Program Files\MySQL\MySQL Server 5.5\bin;C:\Program Files\Intel\WiFi\bin\;C:\Program Files\Common Files\Intel\WirelessCommon\;C:\Program Files (x86)\OpenVPN\bin;D:\spring-roo-1.2.4.RELEASE\spring-roo-1.2.4.RELEASE\bin;D:\apache-maven-3.0.5\bin;C:\Program Files (x86)\Java\jdk1.7.0_25\bin;D:\eclipse\eclipse-msee-slmtoolbox-v1.5;
USERNAME=HBA6
OS=Windows_NT
PROCESSOR_IDENTIFIER=Intel64 Family 6 Model 42 Stepping 7, GenuineIntel



---------------  S Y S T E M  ---------------

OS: Windows 7 , 64 bit Build 7601 Service Pack 1

CPU:total 4 (2 cores per cpu, 2 threads per core) family 6 model 42 stepping 7, cmov, cx8, fxsr, mmx, sse, sse2, sse3, ssse3, sse4.1, sse4.2, popcnt, avx, ht, tsc, tscinvbit

Memory: 4k page, physical 8225260k(4110428k free), swap 16448660k(11647876k free)

vm_info: Java HotSpot(TM) 64-Bit Server VM (23.1-b03) for windows-amd64 JRE (1.7.0_05-b06), built on Jun 27 2012 00:54:58 by "java_re" with unknown MS VC++:1600

time: Fri Mar 28 10:14:20 2014
elapsed time: 528 seconds

